XUI 1.1 Build:M20091125-163416
==================================
core
---------------------------
D:\work\branches\diablo-static-trunk\xui\source\core\xui-core.js

basic-widgets
---------------------------
D:\work\branches\diablo-static-trunk\xui\source\basic-widgets\xui-basic-widgets.js

util
---------------------------
D:\work\branches\diablo-static-trunk\xui\source\util\xui-ajax.js
D:\work\branches\diablo-static-trunk\xui\source\util\xui-cookie.js
D:\work\branches\diablo-static-trunk\xui\source\util\xui-date-util.js
D:\work\branches\diablo-static-trunk\xui\source\util\xui-json-util.js
D:\work\branches\diablo-static-trunk\xui\source\util\xui-keyboard.js
D:\work\branches\diablo-static-trunk\xui\source\util\xui-number-util.js
D:\work\branches\diablo-static-trunk\xui\source\util\xui-string-util.js
D:\work\branches\diablo-static-trunk\xui\source\util\xui-validator.js
D:\work\branches\diablo-static-trunk\xui\source\util\xui-win-util.js

combobox
---------------------------
D:\work\branches\diablo-static-trunk\xui\source\combobox\xui-combobox.js

datepicker
---------------------------
D:\work\branches\diablo-static-trunk\xui\source\datepicker\xui-datepicker.js

dialog
---------------------------
D:\work\branches\diablo-static-trunk\xui\source\dialog\xui-dialog.js

simple-tree
---------------------------
D:\work\branches\diablo-static-trunk\xui\source\simple-tree\xui-simple-tree.js

